c:\1_dx12\repo\cg\_cg_labs_meshpipeline\src\meshletinstancing\obj\x64\debug\d3d12meshletinstancing.pch
c:\1_dx12\repo\cg\_cg_labs_meshpipeline\src\meshletinstancing\obj\x64\debug\vc142.pdb
c:\1_dx12\repo\cg\_cg_labs_meshpipeline\src\meshletinstancing\obj\x64\debug\vc142.idb
c:\1_dx12\repo\cg\_cg_labs_meshpipeline\src\meshletinstancing\obj\x64\debug\stdafx.obj
c:\1_dx12\repo\cg\_cg_labs_meshpipeline\src\meshletinstancing\obj\x64\debug\win32application.obj
c:\1_dx12\repo\cg\_cg_labs_meshpipeline\src\meshletinstancing\obj\x64\debug\simplecamera.obj
c:\1_dx12\repo\cg\_cg_labs_meshpipeline\src\meshletinstancing\obj\x64\debug\model.obj
c:\1_dx12\repo\cg\_cg_labs_meshpipeline\src\meshletinstancing\obj\x64\debug\main.obj
c:\1_dx12\repo\cg\_cg_labs_meshpipeline\src\meshletinstancing\obj\x64\debug\dxsample.obj
c:\1_dx12\repo\cg\_cg_labs_meshpipeline\src\meshletinstancing\obj\x64\debug\d3d12meshletinstancing.obj
c:\1_dx12\repo\cg\_cg_labs_meshpipeline\src\meshletinstancing\bin\x64\debug\meshletms.cso
c:\1_dx12\repo\cg\_cg_labs_meshpipeline\src\meshletinstancing\bin\x64\debug\meshletps.cso
c:\1_dx12\repo\cg\_cg_labs_meshpipeline\src\meshletinstancing\bin\x64\debug\d3d12meshletinstancing.lib
c:\1_dx12\repo\cg\_cg_labs_meshpipeline\src\meshletinstancing\bin\x64\debug\d3d12meshletinstancing.exp
c:\1_dx12\repo\cg\_cg_labs_meshpipeline\src\meshletinstancing\obj\x64\debug\d3d12meshletinstancing.ilk
c:\1_dx12\repo\cg\_cg_labs_meshpipeline\src\meshletinstancing\bin\x64\debug\d3d12meshletinstancing.exe
c:\1_dx12\repo\cg\_cg_labs_meshpipeline\src\meshletinstancing\bin\x64\debug\d3d12meshletinstancing.pdb
c:\1_dx12\repo\cg\_cg_labs_meshpipeline\src\meshletinstancing\obj\x64\debug\d3d12mes.7794c60a.tlog\cl.command.1.tlog
c:\1_dx12\repo\cg\_cg_labs_meshpipeline\src\meshletinstancing\obj\x64\debug\d3d12mes.7794c60a.tlog\cl.read.1.tlog
c:\1_dx12\repo\cg\_cg_labs_meshpipeline\src\meshletinstancing\obj\x64\debug\d3d12mes.7794c60a.tlog\cl.write.1.tlog
c:\1_dx12\repo\cg\_cg_labs_meshpipeline\src\meshletinstancing\obj\x64\debug\d3d12mes.7794c60a.tlog\custombuild.command.1.tlog
c:\1_dx12\repo\cg\_cg_labs_meshpipeline\src\meshletinstancing\obj\x64\debug\d3d12mes.7794c60a.tlog\custombuild.read.1.tlog
c:\1_dx12\repo\cg\_cg_labs_meshpipeline\src\meshletinstancing\obj\x64\debug\d3d12mes.7794c60a.tlog\custombuild.write.1.tlog
c:\1_dx12\repo\cg\_cg_labs_meshpipeline\src\meshletinstancing\obj\x64\debug\d3d12mes.7794c60a.tlog\d3d12meshletinstancing.write.1u.tlog
c:\1_dx12\repo\cg\_cg_labs_meshpipeline\src\meshletinstancing\obj\x64\debug\d3d12mes.7794c60a.tlog\link.command.1.tlog
c:\1_dx12\repo\cg\_cg_labs_meshpipeline\src\meshletinstancing\obj\x64\debug\d3d12mes.7794c60a.tlog\link.read.1.tlog
c:\1_dx12\repo\cg\_cg_labs_meshpipeline\src\meshletinstancing\obj\x64\debug\d3d12mes.7794c60a.tlog\link.write.1.tlog
