c:\1_dx12\repo\cg\_cg_labs_meshpipeline\src\wavefrontconverter\obj\x64\debug\d3d12wavefrontconverter.pch
c:\1_dx12\repo\cg\_cg_labs_meshpipeline\src\wavefrontconverter\obj\x64\debug\vc142.pdb
c:\1_dx12\repo\cg\_cg_labs_meshpipeline\src\wavefrontconverter\obj\x64\debug\vc142.idb
c:\1_dx12\repo\cg\_cg_labs_meshpipeline\src\wavefrontconverter\obj\x64\debug\stdafx.obj
c:\1_dx12\repo\cg\_cg_labs_meshpipeline\src\wavefrontconverter\obj\x64\debug\import.obj
c:\1_dx12\repo\cg\_cg_labs_meshpipeline\src\wavefrontconverter\obj\x64\debug\meshprocessor.obj
c:\1_dx12\repo\cg\_cg_labs_meshpipeline\src\wavefrontconverter\obj\x64\debug\main.obj
c:\1_dx12\repo\cg\_cg_labs_meshpipeline\src\wavefrontconverter\obj\x64\debug\export.obj
c:\1_dx12\repo\cg\_cg_labs_meshpipeline\src\wavefrontconverter\bin\x64\debug\d3d12wavefrontconverter.lib
c:\1_dx12\repo\cg\_cg_labs_meshpipeline\src\wavefrontconverter\bin\x64\debug\d3d12wavefrontconverter.exp
c:\1_dx12\repo\cg\_cg_labs_meshpipeline\src\wavefrontconverter\obj\x64\debug\d3d12wavefrontconverter.ilk
c:\1_dx12\repo\cg\_cg_labs_meshpipeline\src\wavefrontconverter\bin\x64\debug\d3d12wavefrontconverter.exe
c:\1_dx12\repo\cg\_cg_labs_meshpipeline\src\wavefrontconverter\bin\x64\debug\d3d12wavefrontconverter.pdb
c:\1_dx12\repo\cg\_cg_labs_meshpipeline\src\wavefrontconverter\obj\x64\debug\d3d12wav.d4dbd8b1.tlog\cl.command.1.tlog
c:\1_dx12\repo\cg\_cg_labs_meshpipeline\src\wavefrontconverter\obj\x64\debug\d3d12wav.d4dbd8b1.tlog\cl.read.1.tlog
c:\1_dx12\repo\cg\_cg_labs_meshpipeline\src\wavefrontconverter\obj\x64\debug\d3d12wav.d4dbd8b1.tlog\cl.write.1.tlog
c:\1_dx12\repo\cg\_cg_labs_meshpipeline\src\wavefrontconverter\obj\x64\debug\d3d12wav.d4dbd8b1.tlog\d3d12wavefrontconverter.write.1u.tlog
c:\1_dx12\repo\cg\_cg_labs_meshpipeline\src\wavefrontconverter\obj\x64\debug\d3d12wav.d4dbd8b1.tlog\link.command.1.tlog
c:\1_dx12\repo\cg\_cg_labs_meshpipeline\src\wavefrontconverter\obj\x64\debug\d3d12wav.d4dbd8b1.tlog\link.read.1.tlog
c:\1_dx12\repo\cg\_cg_labs_meshpipeline\src\wavefrontconverter\obj\x64\debug\d3d12wav.d4dbd8b1.tlog\link.write.1.tlog
