c:\1_dx12\repo\cg\_cg_labs_meshpipeline\src\meshletcull\obj\x64\debug\d3d12meshletcull.pch
c:\1_dx12\repo\cg\_cg_labs_meshpipeline\src\meshletcull\obj\x64\debug\vc142.pdb
c:\1_dx12\repo\cg\_cg_labs_meshpipeline\src\meshletcull\obj\x64\debug\vc142.idb
c:\1_dx12\repo\cg\_cg_labs_meshpipeline\src\meshletcull\obj\x64\debug\stdafx.obj
c:\1_dx12\repo\cg\_cg_labs_meshpipeline\src\meshletcull\obj\x64\debug\win32application.obj
c:\1_dx12\repo\cg\_cg_labs_meshpipeline\src\meshletcull\obj\x64\debug\simplecamera.obj
c:\1_dx12\repo\cg\_cg_labs_meshpipeline\src\meshletcull\obj\x64\debug\model.obj
c:\1_dx12\repo\cg\_cg_labs_meshpipeline\src\meshletcull\obj\x64\debug\main.obj
c:\1_dx12\repo\cg\_cg_labs_meshpipeline\src\meshletcull\obj\x64\debug\frustumvisualizer.obj
c:\1_dx12\repo\cg\_cg_labs_meshpipeline\src\meshletcull\obj\x64\debug\dxsample.obj
c:\1_dx12\repo\cg\_cg_labs_meshpipeline\src\meshletcull\obj\x64\debug\d3d12meshletcull.obj
c:\1_dx12\repo\cg\_cg_labs_meshpipeline\src\meshletcull\obj\x64\debug\culldatavisualizer.obj
c:\1_dx12\repo\cg\_cg_labs_meshpipeline\src\meshletcull\bin\x64\debug\boundingspherems.cso
c:\1_dx12\repo\cg\_cg_labs_meshpipeline\src\meshletcull\bin\x64\debug\debugdrawps.cso
c:\1_dx12\repo\cg\_cg_labs_meshpipeline\src\meshletcull\bin\x64\debug\frustumms.cso
c:\1_dx12\repo\cg\_cg_labs_meshpipeline\src\meshletcull\bin\x64\debug\meshletas.cso
c:\1_dx12\repo\cg\_cg_labs_meshpipeline\src\meshletcull\bin\x64\debug\meshletms.cso
c:\1_dx12\repo\cg\_cg_labs_meshpipeline\src\meshletcull\bin\x64\debug\meshletps.cso
c:\1_dx12\repo\cg\_cg_labs_meshpipeline\src\meshletcull\bin\x64\debug\normalconems.cso
c:\1_dx12\repo\cg\_cg_labs_meshpipeline\src\meshletcull\bin\x64\debug\d3d12meshletcull.lib
c:\1_dx12\repo\cg\_cg_labs_meshpipeline\src\meshletcull\bin\x64\debug\d3d12meshletcull.exp
c:\1_dx12\repo\cg\_cg_labs_meshpipeline\src\meshletcull\obj\x64\debug\d3d12meshletcull.ilk
c:\1_dx12\repo\cg\_cg_labs_meshpipeline\src\meshletcull\bin\x64\debug\d3d12meshletcull.exe
c:\1_dx12\repo\cg\_cg_labs_meshpipeline\src\meshletcull\bin\x64\debug\d3d12meshletcull.pdb
c:\1_dx12\repo\cg\_cg_labs_meshpipeline\src\meshletcull\obj\x64\debug\d3d12meshletcull.tlog\cl.command.1.tlog
c:\1_dx12\repo\cg\_cg_labs_meshpipeline\src\meshletcull\obj\x64\debug\d3d12meshletcull.tlog\cl.read.1.tlog
c:\1_dx12\repo\cg\_cg_labs_meshpipeline\src\meshletcull\obj\x64\debug\d3d12meshletcull.tlog\cl.write.1.tlog
c:\1_dx12\repo\cg\_cg_labs_meshpipeline\src\meshletcull\obj\x64\debug\d3d12meshletcull.tlog\custombuild.command.1.tlog
c:\1_dx12\repo\cg\_cg_labs_meshpipeline\src\meshletcull\obj\x64\debug\d3d12meshletcull.tlog\custombuild.read.1.tlog
c:\1_dx12\repo\cg\_cg_labs_meshpipeline\src\meshletcull\obj\x64\debug\d3d12meshletcull.tlog\custombuild.write.1.tlog
c:\1_dx12\repo\cg\_cg_labs_meshpipeline\src\meshletcull\obj\x64\debug\d3d12meshletcull.tlog\d3d12meshletcull.write.1u.tlog
c:\1_dx12\repo\cg\_cg_labs_meshpipeline\src\meshletcull\obj\x64\debug\d3d12meshletcull.tlog\link.command.1.tlog
c:\1_dx12\repo\cg\_cg_labs_meshpipeline\src\meshletcull\obj\x64\debug\d3d12meshletcull.tlog\link.read.1.tlog
c:\1_dx12\repo\cg\_cg_labs_meshpipeline\src\meshletcull\obj\x64\debug\d3d12meshletcull.tlog\link.write.1.tlog
