c:\1_dx12\repo\cg\_cg_labs_meshpipeline\src\dynamiclod\obj\x64\debug\d3d12dynamiclod.pch
c:\1_dx12\repo\cg\_cg_labs_meshpipeline\src\dynamiclod\obj\x64\debug\vc142.pdb
c:\1_dx12\repo\cg\_cg_labs_meshpipeline\src\dynamiclod\obj\x64\debug\vc142.idb
c:\1_dx12\repo\cg\_cg_labs_meshpipeline\src\dynamiclod\obj\x64\debug\stdafx.obj
c:\1_dx12\repo\cg\_cg_labs_meshpipeline\src\dynamiclod\obj\x64\debug\win32application.obj
c:\1_dx12\repo\cg\_cg_labs_meshpipeline\src\dynamiclod\obj\x64\debug\simplecamera.obj
c:\1_dx12\repo\cg\_cg_labs_meshpipeline\src\dynamiclod\obj\x64\debug\model.obj
c:\1_dx12\repo\cg\_cg_labs_meshpipeline\src\dynamiclod\obj\x64\debug\main.obj
c:\1_dx12\repo\cg\_cg_labs_meshpipeline\src\dynamiclod\obj\x64\debug\dxsample.obj
c:\1_dx12\repo\cg\_cg_labs_meshpipeline\src\dynamiclod\obj\x64\debug\d3d12dynamiclod.obj
c:\1_dx12\repo\cg\_cg_labs_meshpipeline\src\dynamiclod\bin\x64\debug\meshletas.cso
c:\1_dx12\repo\cg\_cg_labs_meshpipeline\src\dynamiclod\bin\x64\debug\meshletms.cso
c:\1_dx12\repo\cg\_cg_labs_meshpipeline\src\dynamiclod\bin\x64\debug\meshletps.cso
c:\1_dx12\repo\cg\_cg_labs_meshpipeline\src\dynamiclod\bin\x64\debug\d3d12dynamiclod.lib
c:\1_dx12\repo\cg\_cg_labs_meshpipeline\src\dynamiclod\bin\x64\debug\d3d12dynamiclod.exp
c:\1_dx12\repo\cg\_cg_labs_meshpipeline\src\dynamiclod\obj\x64\debug\d3d12dynamiclod.ilk
c:\1_dx12\repo\cg\_cg_labs_meshpipeline\src\dynamiclod\bin\x64\debug\d3d12dynamiclod.exe
c:\1_dx12\repo\cg\_cg_labs_meshpipeline\src\dynamiclod\bin\x64\debug\d3d12dynamiclod.pdb
c:\1_dx12\repo\cg\_cg_labs_meshpipeline\src\dynamiclod\obj\x64\debug\d3d12dynamiclod.tlog\cl.command.1.tlog
c:\1_dx12\repo\cg\_cg_labs_meshpipeline\src\dynamiclod\obj\x64\debug\d3d12dynamiclod.tlog\cl.read.1.tlog
c:\1_dx12\repo\cg\_cg_labs_meshpipeline\src\dynamiclod\obj\x64\debug\d3d12dynamiclod.tlog\cl.write.1.tlog
c:\1_dx12\repo\cg\_cg_labs_meshpipeline\src\dynamiclod\obj\x64\debug\d3d12dynamiclod.tlog\custombuild.command.1.tlog
c:\1_dx12\repo\cg\_cg_labs_meshpipeline\src\dynamiclod\obj\x64\debug\d3d12dynamiclod.tlog\custombuild.read.1.tlog
c:\1_dx12\repo\cg\_cg_labs_meshpipeline\src\dynamiclod\obj\x64\debug\d3d12dynamiclod.tlog\custombuild.write.1.tlog
c:\1_dx12\repo\cg\_cg_labs_meshpipeline\src\dynamiclod\obj\x64\debug\d3d12dynamiclod.tlog\d3d12dynamiclod.write.1u.tlog
c:\1_dx12\repo\cg\_cg_labs_meshpipeline\src\dynamiclod\obj\x64\debug\d3d12dynamiclod.tlog\link.command.1.tlog
c:\1_dx12\repo\cg\_cg_labs_meshpipeline\src\dynamiclod\obj\x64\debug\d3d12dynamiclod.tlog\link.read.1.tlog
c:\1_dx12\repo\cg\_cg_labs_meshpipeline\src\dynamiclod\obj\x64\debug\d3d12dynamiclod.tlog\link.write.1.tlog
